0 verbose cli [
0 verbose cli   '/usr/bin/node',
0 verbose cli   '/usr/bin/npm',
0 verbose cli   'install',
0 verbose cli   '--ignore-scripts',
0 verbose cli   'types-registry@latest'
0 verbose cli ]
1 info using npm@8.5.1
2 info using node@v12.22.9
3 timing npm:load:whichnode Completed in 0ms
4 timing config:load:defaults Completed in 1ms
5 timing config:load:file:/usr/share/nodejs/npm/npmrc Completed in 2ms
6 timing config:load:builtin Completed in 3ms
7 timing config:load:cli Completed in 2ms
8 timing config:load:env Completed in 0ms
9 timing config:load:file:/home/kipchirchir/.cache/typescript/5.4/.npmrc Completed in 0ms
10 timing config:load:project Completed in 2ms
11 timing config:load:file:/home/kipchirchir/.npmrc Completed in 0ms
12 timing config:load:user Completed in 0ms
13 timing config:load:file:/etc/npmrc Completed in 0ms
14 timing config:load:global Completed in 0ms
15 timing config:load:validate Completed in 0ms
16 timing config:load:credentials Completed in 0ms
17 timing config:load:setEnvs Completed in 1ms
18 timing config:load Completed in 10ms
19 timing npm:load:configload Completed in 10ms
20 timing npm:load:setTitle Completed in 1ms
21 timing config:load:flatten Completed in 3ms
22 timing npm:load:display Completed in 4ms
23 verbose logfile /home/kipchirchir/.npm/_logs/2024-06-24T16_27_08_956Z-debug-0.log
24 timing npm:load:logFile Completed in 5ms
25 timing npm:load:timers Completed in 0ms
26 timing npm:load:configScope Completed in 0ms
27 timing npm:load Completed in 22ms
28 timing arborist:ctor Completed in 1ms
29 silly logfile start cleaning logs, removing 1 files
30 timing idealTree:init Completed in 22ms
31 timing arborist:ctor Completed in 0ms
32 timing idealTree Completed in 134542ms
33 timing command:install Completed in 134559ms
34 verbose type system
35 verbose stack FetchError: request to https://registry.npmjs.org/types-registry failed, reason: connect ECONNREFUSED 104.16.24.34:443
35 verbose stack     at ClientRequest.<anonymous> (/usr/share/nodejs/minipass-fetch/lib/index.js:110:14)
35 verbose stack     at ClientRequest.emit (events.js:314:20)
35 verbose stack     at TLSSocket.socketErrorListener (_http_client.js:427:9)
35 verbose stack     at TLSSocket.emit (events.js:326:22)
35 verbose stack     at emitErrorNT (internal/streams/destroy.js:92:8)
35 verbose stack     at emitErrorAndCloseNT (internal/streams/destroy.js:60:3)
35 verbose stack     at processTicksAndRejections (internal/process/task_queues.js:84:21)
36 verbose cwd /home/kipchirchir/.cache/typescript/5.4
37 verbose Linux 6.5.0-35-generic
38 verbose argv "/usr/bin/node" "/usr/bin/npm" "install" "--ignore-scripts" "types-registry@latest"
39 verbose node v12.22.9
40 verbose npm  v8.5.1
41 error code ECONNREFUSED
42 error syscall connect
43 error errno ECONNREFUSED
44 error FetchError: request to https://registry.npmjs.org/types-registry failed, reason: connect ECONNREFUSED 104.16.24.34:443
44 error     at ClientRequest.<anonymous> (/usr/share/nodejs/minipass-fetch/lib/index.js:110:14)
44 error     at ClientRequest.emit (events.js:314:20)
44 error     at TLSSocket.socketErrorListener (_http_client.js:427:9)
44 error     at TLSSocket.emit (events.js:326:22)
44 error     at emitErrorNT (internal/streams/destroy.js:92:8)
44 error     at emitErrorAndCloseNT (internal/streams/destroy.js:60:3)
44 error     at processTicksAndRejections (internal/process/task_queues.js:84:21) {
44 error   code: 'ECONNREFUSED',
44 error   errno: 'ECONNREFUSED',
44 error   syscall: 'connect',
44 error   address: '104.16.24.34',
44 error   port: 443,
44 error   type: 'system'
44 error }
45 error
45 error If you are behind a proxy, please make sure that the
45 error 'proxy' config is set properly.  See: 'npm help config'
46 verbose exit 1
47 timing npm Completed in 134823ms
48 verbose unfinished npm timer reify 1719246429185
49 verbose unfinished npm timer reify:loadTrees 1719246429195
50 verbose unfinished npm timer idealTree:userRequests 1719246429219
51 verbose code 1
52 error A complete log of this run can be found in:
52 error     /home/kipchirchir/.npm/_logs/2024-06-24T16_27_08_956Z-debug-0.log
