0 verbose cli [
0 verbose cli   '/usr/bin/node',
0 verbose cli   '/usr/bin/npm',
0 verbose cli   'install',
0 verbose cli   '--ignore-scripts',
0 verbose cli   '@types/sinon@ts5.4',
0 verbose cli   '@types/babel-core@ts5.4',
0 verbose cli   '@types/chai@ts5.4',
0 verbose cli   '@types/jsdom@ts5.4',
0 verbose cli   '@types/mocha@ts5.4',
0 verbose cli   '--save-dev',
0 verbose cli   '--user-agent=typesInstaller/5.4.5'
0 verbose cli ]
1 info using npm@8.5.1
2 info using node@v12.22.9
3 timing npm:load:whichnode Completed in 0ms
4 timing config:load:defaults Completed in 2ms
5 timing config:load:file:/usr/share/nodejs/npm/npmrc Completed in 2ms
6 timing config:load:builtin Completed in 3ms
7 timing config:load:cli Completed in 2ms
8 timing config:load:env Completed in 0ms
9 timing config:load:file:/home/kipchirchir/.cache/typescript/5.4/.npmrc Completed in 1ms
10 timing config:load:project Completed in 3ms
11 timing config:load:file:/home/kipchirchir/.npmrc Completed in 0ms
12 timing config:load:user Completed in 0ms
13 timing config:load:file:/etc/npmrc Completed in 0ms
14 timing config:load:global Completed in 0ms
15 timing config:load:validate Completed in 0ms
16 timing config:load:credentials Completed in 1ms
17 timing config:load:setEnvs Completed in 1ms
18 timing config:load Completed in 12ms
19 timing npm:load:configload Completed in 13ms
20 timing npm:load:setTitle Completed in 0ms
21 timing config:load:flatten Completed in 3ms
22 timing npm:load:display Completed in 3ms
23 verbose logfile /home/kipchirchir/.npm/_logs/2024-06-25T11_11_06_875Z-debug-0.log
24 timing npm:load:logFile Completed in 6ms
25 timing npm:load:timers Completed in 0ms
26 timing npm:load:configScope Completed in 0ms
27 timing npm:load Completed in 22ms
28 timing arborist:ctor Completed in 1ms
29 silly logfile start cleaning logs, removing 1 files
30 timing idealTree:init Completed in 19ms
31 timing arborist:ctor Completed in 0ms
32 http fetch GET 200 https://registry.npmjs.org/@types%2fjsdom 313ms (cache miss)
33 http fetch GET 200 https://registry.npmjs.org/@types%2fbabel-core 329ms (cache miss)
34 http fetch GET 200 https://registry.npmjs.org/@types%2fmocha 514ms (cache miss)
35 http fetch GET 200 https://registry.npmjs.org/@types%2fchai 537ms (cache miss)
36 http fetch GET 200 https://registry.npmjs.org/@types%2fsinon 2359ms (cache miss)
37 timing idealTree:userRequests Completed in 2367ms
38 silly idealTree buildDeps
39 silly fetch manifest @types/sinon@17.0.3
40 silly fetch manifest @types/babel-core@6.25.10
41 silly fetch manifest @types/chai@4.3.16
42 silly fetch manifest @types/jsdom@21.1.7
43 silly fetch manifest @types/mocha@10.0.7
44 silly placeDep ROOT @types/babel-core@6.25.10 OK for:  want: 6.25.10
45 silly placeDep ROOT @types/chai@4.3.16 OK for:  want: 4.3.16
46 silly placeDep ROOT @types/jsdom@21.1.7 OK for:  want: 21.1.7
47 silly placeDep ROOT @types/mocha@10.0.7 OK for:  want: 10.0.7
48 silly placeDep ROOT @types/sinon@17.0.3 OK for:  want: 17.0.3
49 silly fetch manifest @types/babylon@*
50 silly fetch manifest @types/babel-types@*
51 silly fetch manifest @types/babel-template@*
52 silly fetch manifest @types/babel-traverse@*
53 silly fetch manifest @types/babel-generator@*
54 silly fetch manifest parse5@^7.0.0
55 silly fetch manifest @types/node@*
56 silly fetch manifest @types/tough-cookie@*
57 silly fetch manifest @types/sinonjs__fake-timers@*
58 http fetch GET 200 https://registry.npmjs.org/@types%2ftough-cookie 194ms (cache miss)
59 http fetch GET 200 https://registry.npmjs.org/parse5 197ms (cache miss)
60 http fetch GET 200 https://registry.npmjs.org/@types%2fnode 690ms (cache miss)
61 http fetch GET 200 https://registry.npmjs.org/@types%2fbabel-types 2166ms (cache miss)
62 http fetch GET 200 https://registry.npmjs.org/@types%2fbabylon 2219ms (cache miss)
63 http fetch GET 200 https://registry.npmjs.org/@types%2fbabel-template 2220ms (cache miss)
64 http fetch GET 200 https://registry.npmjs.org/@types%2fbabel-generator 2222ms (cache miss)
65 http fetch GET 200 https://registry.npmjs.org/@types%2fbabel-traverse 2224ms (cache miss)
66 http fetch GET 200 https://registry.npmjs.org/@types%2fsinonjs__fake-timers 2254ms (cache miss)
67 timing idealTree:#root Completed in 2284ms
68 silly placeDep ROOT @types/babel-generator@6.25.8 OK for: @types/babel-core@6.25.10 want: *
69 silly placeDep ROOT @types/babel-template@6.25.5 OK for: @types/babel-core@6.25.10 want: *
70 silly placeDep ROOT @types/babel-traverse@6.25.10 OK for: @types/babel-core@6.25.10 want: *
71 silly placeDep ROOT @types/babel-types@7.0.15 OK for: @types/babel-core@6.25.10 want: *
72 silly placeDep ROOT @types/babylon@6.16.9 OK for: @types/babel-core@6.25.10 want: *
73 timing idealTree:node_modules/@types/babel-core Completed in 43ms
74 timing idealTree:node_modules/@types/babel-generator Completed in 0ms
75 timing idealTree:node_modules/@types/babel-template Completed in 0ms
76 timing idealTree:node_modules/@types/babel-traverse Completed in 0ms
77 timing idealTree:node_modules/@types/babel-types Completed in 0ms
78 timing idealTree:node_modules/@types/babylon Completed in 0ms
79 timing idealTree:node_modules/@types/chai Completed in 1ms
80 silly placeDep ROOT @types/node@20.14.8 OK for: @types/jsdom@21.1.7 want: *
81 silly placeDep ROOT @types/tough-cookie@4.0.5 OK for: @types/jsdom@21.1.7 want: *
82 silly placeDep ROOT parse5@7.1.2 OK for: @types/jsdom@21.1.7 want: ^7.0.0
83 silly fetch manifest undici-types@~5.26.4
84 silly fetch manifest entities@^4.4.0
85 http fetch GET 200 https://registry.npmjs.org/entities 75ms (cache miss)
86 http fetch GET 200 https://registry.npmjs.org/undici-types 1127ms (cache miss)
87 timing idealTree:node_modules/@types/jsdom Completed in 1187ms
88 timing idealTree:node_modules/@types/mocha Completed in 0ms
89 silly placeDep ROOT undici-types@5.26.5 OK for: @types/node@20.14.8 want: ~5.26.4
90 timing idealTree:node_modules/@types/node Completed in 13ms
91 silly placeDep ROOT @types/sinonjs__fake-timers@8.1.5 OK for: @types/sinon@17.0.3 want: *
92 timing idealTree:node_modules/@types/sinon Completed in 5ms
93 timing idealTree:node_modules/@types/sinonjs__fake-timers Completed in 0ms
94 timing idealTree:node_modules/@types/tough-cookie Completed in 0ms
95 silly placeDep ROOT entities@4.5.0 OK for: parse5@7.1.2 want: ^4.4.0
96 timing idealTree:node_modules/parse5 Completed in 4ms
97 timing idealTree:node_modules/entities Completed in 0ms
98 timing idealTree:node_modules/undici-types Completed in 0ms
99 timing idealTree:buildDeps Completed in 3546ms
100 timing idealTree:fixDepFlags Completed in 1ms
101 timing idealTree Completed in 5934ms
102 timing reify:loadTrees Completed in 5935ms
103 timing reify:diffTrees Completed in 3ms
104 silly reify moves {}
105 timing reify:retireShallow Completed in 1ms
106 timing reify:createSparse Completed in 7ms
107 timing reify:loadBundles Completed in 0ms
108 silly audit bulk request {
108 silly audit   'types-registry': [ '0.1.685' ],
108 silly audit   '@types/babel-core': [ '6.25.10' ],
108 silly audit   '@types/chai': [ '4.3.16' ],
108 silly audit   '@types/jsdom': [ '21.1.7' ],
108 silly audit   '@types/mocha': [ '10.0.7' ],
108 silly audit   '@types/sinon': [ '17.0.3' ],
108 silly audit   '@types/babel-generator': [ '6.25.8' ],
108 silly audit   '@types/babel-template': [ '6.25.5' ],
108 silly audit   '@types/babel-traverse': [ '6.25.10' ],
108 silly audit   '@types/babel-types': [ '7.0.15' ],
108 silly audit   '@types/babylon': [ '6.16.9' ],
108 silly audit   '@types/node': [ '20.14.8' ],
108 silly audit   '@types/tough-cookie': [ '4.0.5' ],
108 silly audit   parse5: [ '7.1.2' ],
108 silly audit   'undici-types': [ '5.26.5' ],
108 silly audit   '@types/sinonjs__fake-timers': [ '8.1.5' ],
108 silly audit   entities: [ '4.5.0' ]
108 silly audit }
109 silly tarball no local data for entities@https://registry.npmjs.org/entities/-/entities-4.5.0.tgz. Extracting by manifest.
110 silly tarball no local data for undici-types@https://registry.npmjs.org/undici-types/-/undici-types-5.26.5.tgz. Extracting by manifest.
111 silly tarball no local data for @types/sinonjs__fake-timers@https://registry.npmjs.org/@types/sinonjs__fake-timers/-/sinonjs__fake-timers-8.1.5.tgz. Extracting by manifest.
112 silly tarball no local data for parse5@https://registry.npmjs.org/parse5/-/parse5-7.1.2.tgz. Extracting by manifest.
113 silly tarball no local data for @types/tough-cookie@https://registry.npmjs.org/@types/tough-cookie/-/tough-cookie-4.0.5.tgz. Extracting by manifest.
114 silly tarball no local data for @types/node@https://registry.npmjs.org/@types/node/-/node-20.14.8.tgz. Extracting by manifest.
115 silly tarball no local data for @types/babylon@https://registry.npmjs.org/@types/babylon/-/babylon-6.16.9.tgz. Extracting by manifest.
116 silly tarball no local data for @types/babel-types@https://registry.npmjs.org/@types/babel-types/-/babel-types-7.0.15.tgz. Extracting by manifest.
117 silly tarball no local data for @types/babel-traverse@https://registry.npmjs.org/@types/babel-traverse/-/babel-traverse-6.25.10.tgz. Extracting by manifest.
118 silly tarball no local data for @types/babel-template@https://registry.npmjs.org/@types/babel-template/-/babel-template-6.25.5.tgz. Extracting by manifest.
119 silly tarball no local data for @types/babel-generator@https://registry.npmjs.org/@types/babel-generator/-/babel-generator-6.25.8.tgz. Extracting by manifest.
120 silly tarball no local data for @types/mocha@https://registry.npmjs.org/@types/mocha/-/mocha-10.0.7.tgz. Extracting by manifest.
121 silly tarball no local data for @types/jsdom@https://registry.npmjs.org/@types/jsdom/-/jsdom-21.1.7.tgz. Extracting by manifest.
122 silly tarball no local data for @types/babel-core@https://registry.npmjs.org/@types/babel-core/-/babel-core-6.25.10.tgz. Extracting by manifest.
123 silly tarball no local data for @types/chai@https://registry.npmjs.org/@types/chai/-/chai-4.3.16.tgz. Extracting by manifest.
124 silly tarball no local data for @types/sinon@https://registry.npmjs.org/@types/sinon/-/sinon-17.0.3.tgz. Extracting by manifest.
125 http fetch GET 200 https://registry.npmjs.org/undici-types/-/undici-types-5.26.5.tgz 212ms (cache miss)
126 timing reifyNode:node_modules/undici-types Completed in 245ms
127 http fetch GET 200 https://registry.npmjs.org/entities/-/entities-4.5.0.tgz 300ms (cache miss)
128 timing reifyNode:node_modules/entities Completed in 323ms
129 http fetch GET 200 https://registry.npmjs.org/parse5/-/parse5-7.1.2.tgz 317ms (cache miss)
130 timing reifyNode:node_modules/parse5 Completed in 357ms
131 http fetch GET 200 https://registry.npmjs.org/@types/node/-/node-20.14.8.tgz 333ms (cache miss)
132 timing reifyNode:node_modules/@types/node Completed in 383ms
133 http fetch POST 200 https://registry.npmjs.org/-/npm/v1/security/advisories/bulk 496ms
134 timing auditReport:getReport Completed in 500ms
135 silly audit report {}
136 timing auditReport:init Completed in 0ms
137 timing reify:audit Completed in 503ms
138 http fetch GET 200 https://registry.npmjs.org/@types/sinon/-/sinon-17.0.3.tgz 517ms (cache miss)
139 timing reifyNode:node_modules/@types/sinon Completed in 645ms
140 http fetch GET 200 https://registry.npmjs.org/@types/mocha/-/mocha-10.0.7.tgz 563ms (cache miss)
141 timing reifyNode:node_modules/@types/mocha Completed in 669ms
142 http fetch GET 200 https://registry.npmjs.org/@types/tough-cookie/-/tough-cookie-4.0.5.tgz 1118ms (cache miss)
143 timing reifyNode:node_modules/@types/tough-cookie Completed in 1163ms
144 http fetch GET 200 https://registry.npmjs.org/@types/sinonjs__fake-timers/-/sinonjs__fake-timers-8.1.5.tgz 1131ms (cache miss)
145 timing reifyNode:node_modules/@types/sinonjs__fake-timers Completed in 1167ms
146 http fetch GET 200 https://registry.npmjs.org/@types/babel-types/-/babel-types-7.0.15.tgz 1139ms (cache miss)
147 timing reifyNode:node_modules/@types/babel-types Completed in 1206ms
148 http fetch GET 200 https://registry.npmjs.org/@types/babylon/-/babylon-6.16.9.tgz 1160ms (cache miss)
149 timing reifyNode:node_modules/@types/babylon Completed in 1215ms
150 http fetch GET 200 https://registry.npmjs.org/@types/babel-generator/-/babel-generator-6.25.8.tgz 1198ms (cache miss)
151 timing reifyNode:node_modules/@types/babel-generator Completed in 1290ms
152 http fetch GET 200 https://registry.npmjs.org/@types/jsdom/-/jsdom-21.1.7.tgz 1196ms (cache miss)
153 timing reifyNode:node_modules/@types/jsdom Completed in 1308ms
154 http fetch GET 200 https://registry.npmjs.org/@types/babel-core/-/babel-core-6.25.10.tgz 1261ms (cache miss)
155 timing reifyNode:node_modules/@types/babel-core Completed in 1377ms
156 http fetch GET 200 https://registry.npmjs.org/@types/babel-template/-/babel-template-6.25.5.tgz 1304ms (cache miss)
157 timing reifyNode:node_modules/@types/babel-template Completed in 1382ms
158 http fetch GET 200 https://registry.npmjs.org/@types/chai/-/chai-4.3.16.tgz 1261ms (cache miss)
159 timing reifyNode:node_modules/@types/chai Completed in 1385ms
160 http fetch GET 200 https://registry.npmjs.org/@types/babel-traverse/-/babel-traverse-6.25.10.tgz 1317ms (cache miss)
161 timing reifyNode:node_modules/@types/babel-traverse Completed in 1389ms
162 timing reify:unpack Completed in 1390ms
163 timing reify:unretire Completed in 0ms
164 timing build:queue Completed in 2ms
165 timing build:deps Completed in 2ms
166 timing build Completed in 2ms
167 timing reify:build Completed in 2ms
168 timing reify:trash Completed in 1ms
169 timing reify:save Completed in 24ms
170 timing reify Completed in 7388ms
171 silly ADD node_modules/entities
172 silly ADD node_modules/@types/sinonjs__fake-timers
173 silly ADD node_modules/undici-types
174 silly ADD node_modules/parse5
175 silly ADD node_modules/@types/tough-cookie
176 silly ADD node_modules/@types/node
177 silly ADD node_modules/@types/babylon
178 silly ADD node_modules/@types/babel-types
179 silly ADD node_modules/@types/babel-traverse
180 silly ADD node_modules/@types/babel-template
181 silly ADD node_modules/@types/babel-generator
182 silly ADD node_modules/@types/sinon
183 silly ADD node_modules/@types/mocha
184 silly ADD node_modules/@types/jsdom
185 silly ADD node_modules/@types/chai
186 silly ADD node_modules/@types/babel-core
187 timing command:install Completed in 7398ms
188 verbose exit 0
189 timing npm Completed in 7641ms
190 info ok
